<?xml version="1.0" encoding="UTF-8"?>
<!-- Generated by org.testng.reporters.JUnitXMLReporter -->
<testsuite hostname="DESKTOP-JJ5KA0R" name="Test One" tests="6" failures="0" timestamp="12 Jul 2016 12:47:40 GMT" time="93.031" errors="0">
  <testcase name="testPageLoad" time="11.449" classname="tests.PageLoadChecks"/>
  <testcase name="testLogo" time="0.111" classname="tests.LogoChecks"/>
  <testcase name="testSearchOnSite" time="4.784" classname="tests.SearchOnSiteChecks"/>
  <testcase name="testBestPick" time="13.695" classname="tests.BestPickChecks"/>
  <testcase name="testPreviewElements" time="17.59" classname="tests.PreviewChecks"/>
  <testcase name="testSiteInfo" time="2.551" classname="tests.SiteInfoChecks"/>
</testsuite> <!-- Test One -->
